[kbplacer_plugin_action.py:65]: Plugin version: 0.13
[kbplacer_plugin_action.py:66]: Python version: '3.11.5 (main, Jan 27 2025, 07:08:36) [MSC v.1942 64 bit (AMD64)]'
[kbplacer_plugin_action.py:67]: KiCad version: 9.0.0 with 4.2.2 msw (phoenix) wxWidgets 3.2.6
[kbplacer_dialog.py:586]: Language: en
[kbplacer_plugin_action.py:75]: GUI state: {"layout_path": "C:\\Users\\u4x5sx5\\Downloads\\emma-louise.json", "key_distance": [19.05, 19.05], "key_info": {"annotation_format": "SW{}", "position_option": "Default", "position": {"x": 0.0, "y": 0.0, "orientation": 180.0, "side": "Front"}, "template_path": ""}, "enable_diode_placement": true, "route_switches_with_diodes": false, "optimize_diodes_orientation": false, "diode_info": {"annotation_format": "D{}", "position_option": "Custom", "position": {"x": -7.9, "y": -1.1, "orientation": 90.0, "side": "Back"}, "template_path": ""}, "additional_elements": [{"annotation_format": "ST{}", "position_option": "Custom", "position": {"x": 0.0, "y": 0.0, "orientation": 0.0, "side": "Front"}, "template_path": ""}], "route_rows_and_columns": false, "template_path": "", "generate_outline": false, "outline_delta": 0.0}
[key_placer.py:362]: Set key 1U distance: 19050000/19050000
[key_placer.py:124]: Switches by nets: defaultdict(<class 'list'>, {frozenset({'Col13', 'Row0'}): ['SW13'], frozenset({'Col12', 'Row0'}): ['SW12'], frozenset({'Row3', 'Col5'}): ['SW53'], frozenset({'Col7', 'Row3'}): ['SW55'], frozenset({'Col8', 'Row1'}): ['SW24'], frozenset({'Col3', 'Row4'}): ['SW64'], frozenset({'Row2', 'Col3'}): ['SW35'], frozenset({'Row4', 'Col0'}): ['SW61'], frozenset({'Col3', 'Row1'}): ['SW19'], frozenset({'Col1', 'Row2'}): ['SW33'], frozenset({'Row2', 'Col11'}): ['SW43'], frozenset({'Row4', 'Col5'}): ['SW66'], frozenset({'Col1', 'Row3'}): ['SW49'], frozenset({'Col13', 'Row1'}): ['SW29'], frozenset({'Row0', 'Col2'}): ['SW3'], frozenset({'Col8', 'Row2'}): ['SW40'], frozenset({'Row5', 'Col0'}): ['SW74'], frozenset({'Col9', 'Row1'}): ['SW25'], frozenset({'Col3', 'Row3'}): ['SW51'], frozenset({'Col1', 'Row4'}): ['SW62'], frozenset({'Col3', 'Row0'}): ['SW4'], frozenset({'Row2', 'Col5'}): ['SW37'], frozenset({'Row3', 'Col10'}): ['SW58'], frozenset({'Col13', 'Row5'}): ['SW81'], frozenset({'Row0', 'Col9'}): ['SW9'], frozenset({'Row2', 'Col4'}): ['SW36'], frozenset({'Row2', 'Col0'}): ['SW32'], frozenset({'Row2', 'Col10'}): ['SW42'], frozenset({'Col14', 'Row0'}): ['SW14'], frozenset({'Col1', 'Row5'}): ['SW75'], frozenset({'Row1', 'Col2'}): ['SW18'], frozenset({'Row5', 'Col5'}): ['SW77'], frozenset({'Row4', 'Col9'}): ['SW70'], frozenset({'Col6', 'Row2'}): ['SW38'], frozenset({'Col4', 'Row0'}): ['SW5'], frozenset({'Col6', 'Row0'}): ['SW6'], frozenset({'Col4', 'Row3'}): ['SW52'], frozenset({'Col15', 'Row0'}): ['SW15'], frozenset({'Row0', 'Col10'}): ['SW10'], frozenset({'Col14', 'Row4'}): ['SW73'], frozenset({'Col10', 'Row1'}): ['SW26'], frozenset({'Row2', 'Col13'}): ['SW45'], frozenset({'Row5', 'Col10'}): ['SW79'], frozenset({'Col8', 'Row0'}): ['SW8'], frozenset({'Col1', 'Row1'}): ['SW17'], frozenset({'Row0', 'Col0'}): ['SW1'], frozenset({'Col13', 'Row3'}): ['SW60'], frozenset({'Col15', 'Row5'}): ['SW83'], frozenset({'Row2', 'Col7'}): ['SW39'], frozenset({'Row2', 'Col12'}): ['SW44'], frozenset({'Row5', 'Col9'}): ['SW78'], frozenset({'Row3', 'Col9'}): ['SW57'], frozenset({'Row3', 'Col11'}): ['SW59'], frozenset({'Col4', 'Row4'}): ['SW65'], frozenset({'Col13', 'Row4'}): ['SW72'], frozenset({'Col1', 'Row0'}): ['SW2'], frozenset({'Col12', 'Row1'}): ['SW28'], frozenset({'Row1', 'Col0'}): ['SW16'], frozenset({'Col8', 'Row3'}): ['SW56'], frozenset({'Row4', 'Col2'}): ['SW63'], frozenset({'Col6', 'Row4'}): ['SW67'], frozenset({'Row2', 'Col15'}): ['SW47'], frozenset({'Col7', 'Row4'}): ['SW68'], frozenset({'Row2', 'Col9'}): ['SW41'], frozenset({'Col10', 'Row4'}): ['SW71'], frozenset({'Row0', 'Col11'}): ['SW11'], frozenset({'Col7', 'Row0'}): ['SW7'], frozenset({'Row5', 'Col14'}): ['SW82'], frozenset({'Col12', 'Row5'}): ['SW80'], frozenset({'Col14', 'Row1'}): ['SW30'], frozenset({'Col11', 'Row1'}): ['SW27'], frozenset({'Col6', 'Row3'}): ['SW54'], frozenset({'Col7', 'Row1'}): ['SW23'], frozenset({'Col4', 'Row1'}): ['SW20'], frozenset({'Col15', 'Row1'}): ['SW31'], frozenset({'Row2', 'Col14'}): ['SW46'], frozenset({'Row3', 'Col0'}): ['SW48'], frozenset({'Row3', 'Col2'}): ['SW50'], frozenset({'Row2', 'Col2'}): ['SW34'], frozenset({'Col8', 'Row4'}): ['SW69'], frozenset({'Col6', 'Row1'}): ['SW22'], frozenset({'/SWITCH', 'GND'}): ['SW102'], frozenset({'Row5', 'Col2'}): ['SW76'], frozenset({'/RESET', 'GND'}): ['SW101'], frozenset({'Row1', 'Col5'}): ['SW21']})
[key_placer.py:128]: Diodes by switch: {'SW13': ['D13'], 'SW62': ['D62'], 'SW60': ['D60'], 'SW38': ['D38'], 'SW51': ['D51'], 'SW28': ['D28'], 'SW15': ['D15'], 'SW27': ['D27'], 'SW17': ['D17'], 'SW79': ['D79'], 'SW9': ['D9'], 'SW12': ['D12'], 'SW5': ['D5'], 'SW61': ['D61'], 'SW67': ['D67'], 'SW7': ['D7'], 'SW80': ['D80'], 'SW49': ['D49'], 'SW63': ['D63'], 'SW34': ['D34'], 'SW78': ['D78'], 'SW14': ['D14'], 'SW55': ['D55'], 'SW19': ['D19'], 'SW75': ['D75'], 'SW23': ['D23'], 'SW65': ['D65'], 'SW69': ['D69'], 'SW72': ['D72'], 'SW32': ['D32'], 'SW22': ['D22'], 'SW45': ['D45'], 'SW46': ['D46'], 'SW3': ['D3'], 'SW26': ['D26'], 'SW47': ['D47'], 'SW39': ['D39'], 'SW24': ['D24'], 'SW44': ['D44'], 'SW29': ['D29'], 'SW37': ['D37'], 'SW11': ['D11'], 'SW6': ['D6'], 'SW82': ['D82'], 'SW81': ['D81'], 'SW8': ['D8'], 'SW83': ['D83'], 'SW52': ['D52'], 'SW71': ['D71'], 'SW25': ['D25'], 'SW53': ['D53'], 'SW33': ['D33'], 'SW58': ['D58'], 'SW54': ['D54'], 'SW36': ['D36'], 'SW35': ['D35'], 'SW59': ['D59'], 'SW16': ['D16'], 'SW31': ['D31'], 'SW4': ['D4'], 'SW70': ['D70'], 'SW66': ['D66'], 'SW77': ['D77'], 'SW64': ['D64'], 'SW2': ['D2'], 'SW57': ['D57'], 'SW73': ['D73'], 'SW41': ['D41'], 'SW40': ['D40'], 'SW48': ['D48'], 'SW76': ['D76'], 'SW43': ['D43'], 'SW68': ['D68'], 'SW1': ['D1'], 'SW18': ['D18'], 'SW10': ['D10'], 'SW50': ['D50'], 'SW20': ['D20'], 'SW56': ['D56'], 'SW42': ['D42'], 'SW74': ['D74'], 'SW30': ['D30'], 'SW21': ['D21']}
[kle_serial.py:897]: User layout: [{'backcolor': '#385638', 'name': 'Emma Louise', 'switchMount': 'cherry', 'plate': True}, [{'x': 0.25, 'c': '#cfe3df', 't': '#6f8c87'}, 'Esc', {'x': 0.5, 'c': '#6f8c87', 't': '#cfe3df'}, 'F1', 'F2', 'F3', 'F4', {'x': 0.5}, 'F5', 'F6', 'F7', 'F8', {'x': 0.5}, 'F9', 'F10', 'F11', 'F12', {'x': 0.5}, 'PrtSc', 'Pause\nBreak'], ['~\n`', {'c': '#f5e0e0', 't': '#6f8c87'}, '!\n1', '@\n2', '#\n3', '$\n4', '%\n5', '^\n6', '&\n7', '*\n8', '(\n9', ')\n0', '_\n-', '+\n=', {'c': '#6f8c87', 't': '#f5e0e0', 'w': 2}, 'Backspace\n\n\n2', {'x': 0.25, 'c': '#cfe3df', 't': '#6f8c87'}, 'Insert', 'PgUp'], [{'c': '#6f8c87', 't': '#cfe3df', 'w': 1.5}, 'Tab\n\n\n1.5', {'c': '#f5e0e0', 't': '#6f8c87'}, 'Q', 'W', 'E', 'R', 'T', 'Y', 'U', 'I', 'O', 'P', '{\n[', '}\n]', {'c': '#6f8c87', 't': '#cfe3df', 'w': 1.5}, '|\n\\\n\n1.5', {'x': 0.25, 'c': '#cfe3df', 't': '#6f8c87'}, 'Delete', 'PgDn'], [{'c': '#6f8c87', 't': '#cfe3df', 'w': 1.75}, 'Caps Lock\n\n\n1.75', {'c': '#f5e0e0', 't': '#6f8c87'}, 'A', 'S', 'D', 'F', 'G', 'H', 'J', 'K', 'L', ':\n;', '"\n\'', {'c': '#cfe3df', 'w': 2.25}, 'Enter\n\n\n2.25'], [{'c': '#6f8c87', 't': '#cfe3df', 'w': 2.25}, 'Shift\n\n\n2.25', {'c': '#f5e0e0', 't': '#6f8c87'}, 'Z', 'X', 'C', 'V', 'B', 'N', 'M', '<\n,', '>\n.', '?\n/', {'c': '#6f8c87', 't': '#cfe3df', 'w': 2.75}, 'Shift\n\n\n2.75', {'x': 0.25}, '↑'], [{'c': '#cfe3df', 't': '#6f8c87', 'w': 1.25}, 'Ctrl\n\n\n1.25', {'w': 1.25}, 'Win', {'w': 1.25}, 'Alt', {'c': '#f5e0e0', 'w': 6.25}, '\n\n\n6.25', {'c': '#cfe3df', 'w': 1.25}, 'Alt', {'w': 1.25}, 'Menu', {'w': 1.25}, 'Ctrl', {'x': 0.5, 'c': '#6f8c87', 't': '#cfe3df'}, '←', '↓', '→']]
[key_placer.py:662]: Layout offset: (23812500, 28575000)
[board_modifier.py:85]: Setting SW1 footprint position: (38100000, 38100000)
[board_modifier.py:85]: Setting SW2 footprint position: (66675000, 38100000)
[board_modifier.py:85]: Setting SW3 footprint position: (85725000, 38100000)
[board_modifier.py:85]: Setting SW4 footprint position: (104775000, 38100000)
[board_modifier.py:85]: Setting SW5 footprint position: (123825000, 38100000)
[board_modifier.py:85]: Setting SW6 footprint position: (152400000, 38100000)
[board_modifier.py:85]: Setting SW7 footprint position: (171450000, 38100000)
[board_modifier.py:85]: Setting SW8 footprint position: (190500000, 38100000)
[board_modifier.py:85]: Setting SW9 footprint position: (209550000, 38100000)
[board_modifier.py:85]: Setting SW10 footprint position: (238125000, 38100000)
[board_modifier.py:85]: Setting SW11 footprint position: (257175000, 38100000)
[board_modifier.py:85]: Setting SW12 footprint position: (276225000, 38100000)
[board_modifier.py:85]: Setting SW13 footprint position: (295275000, 38100000)
[board_modifier.py:85]: Setting SW14 footprint position: (323850000, 38100000)
[board_modifier.py:85]: Setting SW15 footprint position: (342900000, 38100000)
[board_modifier.py:85]: Setting SW16 footprint position: (33337500, 57150000)
[board_modifier.py:85]: Setting SW17 footprint position: (52387500, 57150000)
[board_modifier.py:85]: Setting SW18 footprint position: (71437500, 57150000)
[board_modifier.py:85]: Setting SW19 footprint position: (90487500, 57150000)
[board_modifier.py:85]: Setting SW20 footprint position: (109537500, 57150000)
[board_modifier.py:85]: Setting SW21 footprint position: (128587500, 57150000)
[board_modifier.py:85]: Setting SW22 footprint position: (147637500, 57150000)
[board_modifier.py:85]: Setting SW23 footprint position: (166687500, 57150000)
[board_modifier.py:85]: Setting SW24 footprint position: (185737500, 57150000)
[board_modifier.py:85]: Setting SW25 footprint position: (204787500, 57150000)
[board_modifier.py:85]: Setting SW26 footprint position: (223837500, 57150000)
[board_modifier.py:85]: Setting SW27 footprint position: (242887500, 57150000)
[board_modifier.py:85]: Setting SW28 footprint position: (261937500, 57150000)
[board_modifier.py:85]: Setting SW29 footprint position: (290512500, 57150000)
[board_modifier.py:85]: Setting SW30 footprint position: (323850000, 57150000)
[board_modifier.py:85]: Setting SW31 footprint position: (342900000, 57150000)
[board_modifier.py:85]: Setting SW32 footprint position: (38100000, 76200000)
[board_modifier.py:85]: Setting SW33 footprint position: (61912500, 76200000)
[board_modifier.py:85]: Setting SW34 footprint position: (80962500, 76200000)
[board_modifier.py:85]: Setting SW35 footprint position: (100012500, 76200000)
[board_modifier.py:85]: Setting SW36 footprint position: (119062500, 76200000)
[board_modifier.py:85]: Setting SW37 footprint position: (138112500, 76200000)
[board_modifier.py:85]: Setting SW38 footprint position: (157162500, 76200000)
[board_modifier.py:85]: Setting SW39 footprint position: (176212500, 76200000)
[board_modifier.py:85]: Setting SW40 footprint position: (195262500, 76200000)
[board_modifier.py:85]: Setting SW41 footprint position: (214312500, 76200000)
[board_modifier.py:85]: Setting SW42 footprint position: (233362500, 76200000)
[board_modifier.py:85]: Setting SW43 footprint position: (252412500, 76200000)
[board_modifier.py:85]: Setting SW44 footprint position: (271462500, 76200000)
[board_modifier.py:85]: Setting SW45 footprint position: (295275000, 76200000)
[board_modifier.py:85]: Setting SW46 footprint position: (323850000, 76200000)
[board_modifier.py:85]: Setting SW47 footprint position: (342900000, 76200000)
[board_modifier.py:85]: Setting SW48 footprint position: (40481250, 95250000)
[board_modifier.py:85]: Setting SW49 footprint position: (66675000, 95250000)
[board_modifier.py:85]: Setting SW50 footprint position: (85725000, 95250000)
[board_modifier.py:85]: Setting SW51 footprint position: (104775000, 95250000)
[board_modifier.py:85]: Setting SW52 footprint position: (123825000, 95250000)
[board_modifier.py:85]: Setting SW53 footprint position: (142875000, 95250000)
[board_modifier.py:85]: Setting SW54 footprint position: (161925000, 95250000)
[board_modifier.py:85]: Setting SW55 footprint position: (180975000, 95250000)
[board_modifier.py:85]: Setting SW56 footprint position: (200025000, 95250000)
[board_modifier.py:85]: Setting SW57 footprint position: (219075000, 95250000)
[board_modifier.py:85]: Setting SW58 footprint position: (238125000, 95250000)
[board_modifier.py:85]: Setting SW59 footprint position: (257175000, 95250000)
[board_modifier.py:85]: Setting SW60 footprint position: (288131250, 95250000)
[board_modifier.py:85]: Setting SW61 footprint position: (45243750, 114300000)
[board_modifier.py:85]: Setting SW62 footprint position: (76200000, 114300000)
[board_modifier.py:85]: Setting SW63 footprint position: (95250000, 114300000)
[board_modifier.py:85]: Setting SW64 footprint position: (114300000, 114300000)
[board_modifier.py:85]: Setting SW65 footprint position: (133350000, 114300000)
[board_modifier.py:85]: Setting SW66 footprint position: (152400000, 114300000)
[board_modifier.py:85]: Setting SW67 footprint position: (171450000, 114300000)
[board_modifier.py:85]: Setting SW68 footprint position: (190500000, 114300000)
[board_modifier.py:85]: Setting SW69 footprint position: (209550000, 114300000)
[board_modifier.py:85]: Setting SW70 footprint position: (228600000, 114300000)
[board_modifier.py:85]: Setting SW71 footprint position: (247650000, 114300000)
[board_modifier.py:85]: Setting SW72 footprint position: (283368750, 114300000)
[board_modifier.py:85]: Setting SW73 footprint position: (323850000, 114300000)
[board_modifier.py:85]: Setting SW74 footprint position: (35718750, 133350000)
[board_modifier.py:85]: Setting SW75 footprint position: (59531250, 133350000)
[board_modifier.py:85]: Setting SW76 footprint position: (83343750, 133350000)
[board_modifier.py:85]: Setting SW77 footprint position: (154781250, 133350000)
[board_modifier.py:85]: Setting SW78 footprint position: (226218750, 133350000)
[board_modifier.py:85]: Setting SW79 footprint position: (250031250, 133350000)
[board_modifier.py:85]: Setting SW80 footprint position: (273843750, 133350000)
[board_modifier.py:85]: Setting SW81 footprint position: (304800000, 133350000)
[board_modifier.py:85]: Setting SW82 footprint position: (323850000, 133350000)
[board_modifier.py:85]: Setting SW83 footprint position: (342900000, 133350000)
[key_placer.py:999]: Diode info: [ElementInfo(annotation_format='D{}', position_option=<PositionOption.CUSTOM: 'Custom'>, position=ElementPosition(x=-7.9, y=-1.1, orientation=90.0, side=<Side.BACK: 'Back'>), template_path='')]
[board_modifier.py:98]: Getting SW1 footprint position: (38100000, 38100000)
[board_modifier.py:85]: Setting D1 footprint position: (46000000, 39200000)
[board_modifier.py:98]: Getting D1 footprint position: (46000000, 39200000)
[board_modifier.py:98]: Getting SW2 footprint position: (66675000, 38100000)
[board_modifier.py:85]: Setting D2 footprint position: (74575000, 39200000)
[board_modifier.py:98]: Getting D2 footprint position: (74575000, 39200000)
[board_modifier.py:98]: Getting SW3 footprint position: (85725000, 38100000)
[board_modifier.py:85]: Setting D3 footprint position: (93625000, 39200000)
[board_modifier.py:98]: Getting D3 footprint position: (93625000, 39200000)
[board_modifier.py:98]: Getting SW4 footprint position: (104775000, 38100000)
[board_modifier.py:85]: Setting D4 footprint position: (112675000, 39200000)
[board_modifier.py:98]: Getting D4 footprint position: (112675000, 39200000)
[board_modifier.py:98]: Getting SW5 footprint position: (123825000, 38100000)
[board_modifier.py:85]: Setting D5 footprint position: (131725000, 39200000)
[board_modifier.py:98]: Getting D5 footprint position: (131725000, 39200000)
[board_modifier.py:98]: Getting SW6 footprint position: (152400000, 38100000)
[board_modifier.py:85]: Setting D6 footprint position: (160300000, 39200000)
[board_modifier.py:98]: Getting D6 footprint position: (160300000, 39200000)
[board_modifier.py:98]: Getting SW7 footprint position: (171450000, 38100000)
[board_modifier.py:85]: Setting D7 footprint position: (179350000, 39200000)
[board_modifier.py:98]: Getting D7 footprint position: (179350000, 39200000)
[board_modifier.py:98]: Getting SW8 footprint position: (190500000, 38100000)
[board_modifier.py:85]: Setting D8 footprint position: (198400000, 39200000)
[board_modifier.py:98]: Getting D8 footprint position: (198400000, 39200000)
[board_modifier.py:98]: Getting SW9 footprint position: (209550000, 38100000)
[board_modifier.py:85]: Setting D9 footprint position: (217450000, 39200000)
[board_modifier.py:98]: Getting D9 footprint position: (217450000, 39200000)
[board_modifier.py:98]: Getting SW10 footprint position: (238125000, 38100000)
[board_modifier.py:85]: Setting D10 footprint position: (246025000, 39200000)
[board_modifier.py:98]: Getting D10 footprint position: (246025000, 39200000)
[board_modifier.py:98]: Getting SW11 footprint position: (257175000, 38100000)
[board_modifier.py:85]: Setting D11 footprint position: (265075000, 39200000)
[board_modifier.py:98]: Getting D11 footprint position: (265075000, 39200000)
[board_modifier.py:98]: Getting SW12 footprint position: (276225000, 38100000)
[board_modifier.py:85]: Setting D12 footprint position: (284125000, 39200000)
[board_modifier.py:98]: Getting D12 footprint position: (284125000, 39200000)
[board_modifier.py:98]: Getting SW13 footprint position: (295275000, 38100000)
[board_modifier.py:85]: Setting D13 footprint position: (303175000, 39200000)
[board_modifier.py:98]: Getting D13 footprint position: (303175000, 39200000)
[board_modifier.py:98]: Getting SW14 footprint position: (323850000, 38100000)
[board_modifier.py:85]: Setting D14 footprint position: (331750000, 39200000)
[board_modifier.py:98]: Getting D14 footprint position: (331750000, 39200000)
[board_modifier.py:98]: Getting SW15 footprint position: (342900000, 38100000)
[board_modifier.py:85]: Setting D15 footprint position: (350800000, 39200000)
[board_modifier.py:98]: Getting D15 footprint position: (350800000, 39200000)
[board_modifier.py:98]: Getting SW16 footprint position: (33337500, 57150000)
[board_modifier.py:85]: Setting D16 footprint position: (41237500, 58250000)
[board_modifier.py:98]: Getting D16 footprint position: (41237500, 58250000)
[board_modifier.py:98]: Getting SW17 footprint position: (52387500, 57150000)
[board_modifier.py:85]: Setting D17 footprint position: (60287500, 58250000)
[board_modifier.py:98]: Getting D17 footprint position: (60287500, 58250000)
[board_modifier.py:98]: Getting SW18 footprint position: (71437500, 57150000)
[board_modifier.py:85]: Setting D18 footprint position: (79337500, 58250000)
[board_modifier.py:98]: Getting D18 footprint position: (79337500, 58250000)
[board_modifier.py:98]: Getting SW19 footprint position: (90487500, 57150000)
[board_modifier.py:85]: Setting D19 footprint position: (98387500, 58250000)
[board_modifier.py:98]: Getting D19 footprint position: (98387500, 58250000)
[board_modifier.py:98]: Getting SW20 footprint position: (109537500, 57150000)
[board_modifier.py:85]: Setting D20 footprint position: (117437500, 58250000)
[board_modifier.py:98]: Getting D20 footprint position: (117437500, 58250000)
[board_modifier.py:98]: Getting SW21 footprint position: (128587500, 57150000)
[board_modifier.py:85]: Setting D21 footprint position: (136487500, 58250000)
[board_modifier.py:98]: Getting D21 footprint position: (136487500, 58250000)
[board_modifier.py:98]: Getting SW22 footprint position: (147637500, 57150000)
[board_modifier.py:85]: Setting D22 footprint position: (155537500, 58250000)
[board_modifier.py:98]: Getting D22 footprint position: (155537500, 58250000)
[board_modifier.py:98]: Getting SW23 footprint position: (166687500, 57150000)
[board_modifier.py:85]: Setting D23 footprint position: (174587500, 58250000)
[board_modifier.py:98]: Getting D23 footprint position: (174587500, 58250000)
[board_modifier.py:98]: Getting SW24 footprint position: (185737500, 57150000)
[board_modifier.py:85]: Setting D24 footprint position: (193637500, 58250000)
[board_modifier.py:98]: Getting D24 footprint position: (193637500, 58250000)
[board_modifier.py:98]: Getting SW25 footprint position: (204787500, 57150000)
[board_modifier.py:85]: Setting D25 footprint position: (212687500, 58250000)
[board_modifier.py:98]: Getting D25 footprint position: (212687500, 58250000)
[board_modifier.py:98]: Getting SW26 footprint position: (223837500, 57150000)
[board_modifier.py:85]: Setting D26 footprint position: (231737500, 58250000)
[board_modifier.py:98]: Getting D26 footprint position: (231737500, 58250000)
[board_modifier.py:98]: Getting SW27 footprint position: (242887500, 57150000)
[board_modifier.py:85]: Setting D27 footprint position: (250787500, 58250000)
[board_modifier.py:98]: Getting D27 footprint position: (250787500, 58250000)
[board_modifier.py:98]: Getting SW28 footprint position: (261937500, 57150000)
[board_modifier.py:85]: Setting D28 footprint position: (269837500, 58250000)
[board_modifier.py:98]: Getting D28 footprint position: (269837500, 58250000)
[board_modifier.py:98]: Getting SW29 footprint position: (290512500, 57150000)
[board_modifier.py:85]: Setting D29 footprint position: (298412500, 58250000)
[board_modifier.py:98]: Getting D29 footprint position: (298412500, 58250000)
[board_modifier.py:98]: Getting SW30 footprint position: (323850000, 57150000)
[board_modifier.py:85]: Setting D30 footprint position: (331750000, 58250000)
[board_modifier.py:98]: Getting D30 footprint position: (331750000, 58250000)
[board_modifier.py:98]: Getting SW31 footprint position: (342900000, 57150000)
[board_modifier.py:85]: Setting D31 footprint position: (350800000, 58250000)
[board_modifier.py:98]: Getting D31 footprint position: (350800000, 58250000)
[board_modifier.py:98]: Getting SW32 footprint position: (38100000, 76200000)
[board_modifier.py:85]: Setting D32 footprint position: (46000000, 77300000)
[board_modifier.py:98]: Getting D32 footprint position: (46000000, 77300000)
[board_modifier.py:98]: Getting SW33 footprint position: (61912500, 76200000)
[board_modifier.py:85]: Setting D33 footprint position: (69812500, 77300000)
[board_modifier.py:98]: Getting D33 footprint position: (69812500, 77300000)
[board_modifier.py:98]: Getting SW34 footprint position: (80962500, 76200000)
[board_modifier.py:85]: Setting D34 footprint position: (88862500, 77300000)
[board_modifier.py:98]: Getting D34 footprint position: (88862500, 77300000)
[board_modifier.py:98]: Getting SW35 footprint position: (100012500, 76200000)
[board_modifier.py:85]: Setting D35 footprint position: (107912500, 77300000)
[board_modifier.py:98]: Getting D35 footprint position: (107912500, 77300000)
[board_modifier.py:98]: Getting SW36 footprint position: (119062500, 76200000)
[board_modifier.py:85]: Setting D36 footprint position: (126962500, 77300000)
[board_modifier.py:98]: Getting D36 footprint position: (126962500, 77300000)
[board_modifier.py:98]: Getting SW37 footprint position: (138112500, 76200000)
[board_modifier.py:85]: Setting D37 footprint position: (146012500, 77300000)
[board_modifier.py:98]: Getting D37 footprint position: (146012500, 77300000)
[board_modifier.py:98]: Getting SW38 footprint position: (157162500, 76200000)
[board_modifier.py:85]: Setting D38 footprint position: (165062500, 77300000)
[board_modifier.py:98]: Getting D38 footprint position: (165062500, 77300000)
[board_modifier.py:98]: Getting SW39 footprint position: (176212500, 76200000)
[board_modifier.py:85]: Setting D39 footprint position: (184112500, 77300000)
[board_modifier.py:98]: Getting D39 footprint position: (184112500, 77300000)
[board_modifier.py:98]: Getting SW40 footprint position: (195262500, 76200000)
[board_modifier.py:85]: Setting D40 footprint position: (203162500, 77300000)
[board_modifier.py:98]: Getting D40 footprint position: (203162500, 77300000)
[board_modifier.py:98]: Getting SW41 footprint position: (214312500, 76200000)
[board_modifier.py:85]: Setting D41 footprint position: (222212500, 77300000)
[board_modifier.py:98]: Getting D41 footprint position: (222212500, 77300000)
[board_modifier.py:98]: Getting SW42 footprint position: (233362500, 76200000)
[board_modifier.py:85]: Setting D42 footprint position: (241262500, 77300000)
[board_modifier.py:98]: Getting D42 footprint position: (241262500, 77300000)
[board_modifier.py:98]: Getting SW43 footprint position: (252412500, 76200000)
[board_modifier.py:85]: Setting D43 footprint position: (260312500, 77300000)
[board_modifier.py:98]: Getting D43 footprint position: (260312500, 77300000)
[board_modifier.py:98]: Getting SW44 footprint position: (271462500, 76200000)
[board_modifier.py:85]: Setting D44 footprint position: (279362500, 77300000)
[board_modifier.py:98]: Getting D44 footprint position: (279362500, 77300000)
[board_modifier.py:98]: Getting SW45 footprint position: (295275000, 76200000)
[board_modifier.py:85]: Setting D45 footprint position: (303175000, 77300000)
[board_modifier.py:98]: Getting D45 footprint position: (303175000, 77300000)
[board_modifier.py:98]: Getting SW46 footprint position: (323850000, 76200000)
[board_modifier.py:85]: Setting D46 footprint position: (331750000, 77300000)
[board_modifier.py:98]: Getting D46 footprint position: (331750000, 77300000)
[board_modifier.py:98]: Getting SW47 footprint position: (342900000, 76200000)
[board_modifier.py:85]: Setting D47 footprint position: (350800000, 77300000)
[board_modifier.py:98]: Getting D47 footprint position: (350800000, 77300000)
[board_modifier.py:98]: Getting SW48 footprint position: (40481250, 95250000)
[board_modifier.py:85]: Setting D48 footprint position: (48381250, 96350000)
[board_modifier.py:98]: Getting D48 footprint position: (48381250, 96350000)
[board_modifier.py:98]: Getting SW49 footprint position: (66675000, 95250000)
[board_modifier.py:85]: Setting D49 footprint position: (74575000, 96350000)
[board_modifier.py:98]: Getting D49 footprint position: (74575000, 96350000)
[board_modifier.py:98]: Getting SW50 footprint position: (85725000, 95250000)
[board_modifier.py:85]: Setting D50 footprint position: (93625000, 96350000)
[board_modifier.py:98]: Getting D50 footprint position: (93625000, 96350000)
[board_modifier.py:98]: Getting SW51 footprint position: (104775000, 95250000)
[board_modifier.py:85]: Setting D51 footprint position: (112675000, 96350000)
[board_modifier.py:98]: Getting D51 footprint position: (112675000, 96350000)
[board_modifier.py:98]: Getting SW52 footprint position: (123825000, 95250000)
[board_modifier.py:85]: Setting D52 footprint position: (131725000, 96350000)
[board_modifier.py:98]: Getting D52 footprint position: (131725000, 96350000)
[board_modifier.py:98]: Getting SW53 footprint position: (142875000, 95250000)
[board_modifier.py:85]: Setting D53 footprint position: (150775000, 96350000)
[board_modifier.py:98]: Getting D53 footprint position: (150775000, 96350000)
[board_modifier.py:98]: Getting SW54 footprint position: (161925000, 95250000)
[board_modifier.py:85]: Setting D54 footprint position: (169825000, 96350000)
[board_modifier.py:98]: Getting D54 footprint position: (169825000, 96350000)
[board_modifier.py:98]: Getting SW55 footprint position: (180975000, 95250000)
[board_modifier.py:85]: Setting D55 footprint position: (188875000, 96350000)
[board_modifier.py:98]: Getting D55 footprint position: (188875000, 96350000)
[board_modifier.py:98]: Getting SW56 footprint position: (200025000, 95250000)
[board_modifier.py:85]: Setting D56 footprint position: (207925000, 96350000)
[board_modifier.py:98]: Getting D56 footprint position: (207925000, 96350000)
[board_modifier.py:98]: Getting SW57 footprint position: (219075000, 95250000)
[board_modifier.py:85]: Setting D57 footprint position: (226975000, 96350000)
[board_modifier.py:98]: Getting D57 footprint position: (226975000, 96350000)
[board_modifier.py:98]: Getting SW58 footprint position: (238125000, 95250000)
[board_modifier.py:85]: Setting D58 footprint position: (246025000, 96350000)
[board_modifier.py:98]: Getting D58 footprint position: (246025000, 96350000)
[board_modifier.py:98]: Getting SW59 footprint position: (257175000, 95250000)
[board_modifier.py:85]: Setting D59 footprint position: (265075000, 96350000)
[board_modifier.py:98]: Getting D59 footprint position: (265075000, 96350000)
[board_modifier.py:98]: Getting SW60 footprint position: (288131250, 95250000)
[board_modifier.py:85]: Setting D60 footprint position: (296031250, 96350000)
[board_modifier.py:98]: Getting D60 footprint position: (296031250, 96350000)
[board_modifier.py:98]: Getting SW61 footprint position: (45243750, 114300000)
[board_modifier.py:85]: Setting D61 footprint position: (53143750, 115400000)
[board_modifier.py:98]: Getting D61 footprint position: (53143750, 115400000)
[board_modifier.py:98]: Getting SW62 footprint position: (76200000, 114300000)
[board_modifier.py:85]: Setting D62 footprint position: (84100000, 115400000)
[board_modifier.py:98]: Getting D62 footprint position: (84100000, 115400000)
[board_modifier.py:98]: Getting SW63 footprint position: (95250000, 114300000)
[board_modifier.py:85]: Setting D63 footprint position: (103150000, 115400000)
[board_modifier.py:98]: Getting D63 footprint position: (103150000, 115400000)
[board_modifier.py:98]: Getting SW64 footprint position: (114300000, 114300000)
[board_modifier.py:85]: Setting D64 footprint position: (122200000, 115400000)
[board_modifier.py:98]: Getting D64 footprint position: (122200000, 115400000)
[board_modifier.py:98]: Getting SW65 footprint position: (133350000, 114300000)
[board_modifier.py:85]: Setting D65 footprint position: (141250000, 115400000)
[board_modifier.py:98]: Getting D65 footprint position: (141250000, 115400000)
[board_modifier.py:98]: Getting SW66 footprint position: (152400000, 114300000)
[board_modifier.py:85]: Setting D66 footprint position: (160300000, 115400000)
[board_modifier.py:98]: Getting D66 footprint position: (160300000, 115400000)
[board_modifier.py:98]: Getting SW67 footprint position: (171450000, 114300000)
[board_modifier.py:85]: Setting D67 footprint position: (179350000, 115400000)
[board_modifier.py:98]: Getting D67 footprint position: (179350000, 115400000)
[board_modifier.py:98]: Getting SW68 footprint position: (190500000, 114300000)
[board_modifier.py:85]: Setting D68 footprint position: (198400000, 115400000)
[board_modifier.py:98]: Getting D68 footprint position: (198400000, 115400000)
[board_modifier.py:98]: Getting SW69 footprint position: (209550000, 114300000)
[board_modifier.py:85]: Setting D69 footprint position: (217450000, 115400000)
[board_modifier.py:98]: Getting D69 footprint position: (217450000, 115400000)
[board_modifier.py:98]: Getting SW70 footprint position: (228600000, 114300000)
[board_modifier.py:85]: Setting D70 footprint position: (236500000, 115400000)
[board_modifier.py:98]: Getting D70 footprint position: (236500000, 115400000)
[board_modifier.py:98]: Getting SW71 footprint position: (247650000, 114300000)
[board_modifier.py:85]: Setting D71 footprint position: (255550000, 115400000)
[board_modifier.py:98]: Getting D71 footprint position: (255550000, 115400000)
[board_modifier.py:98]: Getting SW72 footprint position: (283368750, 114300000)
[board_modifier.py:85]: Setting D72 footprint position: (291268750, 115400000)
[board_modifier.py:98]: Getting D72 footprint position: (291268750, 115400000)
[board_modifier.py:98]: Getting SW73 footprint position: (323850000, 114300000)
[board_modifier.py:85]: Setting D73 footprint position: (331750000, 115400000)
[board_modifier.py:98]: Getting D73 footprint position: (331750000, 115400000)
[board_modifier.py:98]: Getting SW74 footprint position: (35718750, 133350000)
[board_modifier.py:85]: Setting D74 footprint position: (43618750, 134450000)
[board_modifier.py:98]: Getting D74 footprint position: (43618750, 134450000)
[board_modifier.py:98]: Getting SW75 footprint position: (59531250, 133350000)
[board_modifier.py:85]: Setting D75 footprint position: (67431250, 134450000)
[board_modifier.py:98]: Getting D75 footprint position: (67431250, 134450000)
[board_modifier.py:98]: Getting SW76 footprint position: (83343750, 133350000)
[board_modifier.py:85]: Setting D76 footprint position: (91243750, 134450000)
[board_modifier.py:98]: Getting D76 footprint position: (91243750, 134450000)
[board_modifier.py:98]: Getting SW77 footprint position: (154781250, 133350000)
[board_modifier.py:85]: Setting D77 footprint position: (162681250, 134450000)
[board_modifier.py:98]: Getting D77 footprint position: (162681250, 134450000)
[board_modifier.py:98]: Getting SW78 footprint position: (226218750, 133350000)
[board_modifier.py:85]: Setting D78 footprint position: (234118750, 134450000)
[board_modifier.py:98]: Getting D78 footprint position: (234118750, 134450000)
[board_modifier.py:98]: Getting SW79 footprint position: (250031250, 133350000)
[board_modifier.py:85]: Setting D79 footprint position: (257931250, 134450000)
[board_modifier.py:98]: Getting D79 footprint position: (257931250, 134450000)
[board_modifier.py:98]: Getting SW80 footprint position: (273843750, 133350000)
[board_modifier.py:85]: Setting D80 footprint position: (281743750, 134450000)
[board_modifier.py:98]: Getting D80 footprint position: (281743750, 134450000)
[board_modifier.py:98]: Getting SW81 footprint position: (304800000, 133350000)
[board_modifier.py:85]: Setting D81 footprint position: (312700000, 134450000)
[board_modifier.py:98]: Getting D81 footprint position: (312700000, 134450000)
[board_modifier.py:98]: Getting SW82 footprint position: (323850000, 133350000)
[board_modifier.py:85]: Setting D82 footprint position: (331750000, 134450000)
[board_modifier.py:98]: Getting D82 footprint position: (331750000, 134450000)
[board_modifier.py:98]: Getting SW83 footprint position: (342900000, 133350000)
[board_modifier.py:85]: Setting D83 footprint position: (350800000, 134450000)
[board_modifier.py:98]: Getting D83 footprint position: (350800000, 134450000)
[board_modifier.py:98]: Getting SW101 footprint position: (185292300, 221697400)
[board_modifier.py:98]: Getting SW102 footprint position: (185292300, 221697400)
[key_placer.py:775]: Placing additional elements for SW13
[board_modifier.py:98]: Getting SW13 footprint position: (295275000, 38100000)
[board_modifier.py:75]: Searching for optional ST13 footprint in C:\Github\Every83\PCB\Every83_PCB.kicad_pcb
[board_modifier.py:80]: Footprint not found
[key_placer.py:775]: Placing additional elements for SW12
[board_modifier.py:98]: Getting SW12 footprint position: (276225000, 38100000)
[board_modifier.py:75]: Searching for optional ST12 footprint in C:\Github\Every83\PCB\Every83_PCB.kicad_pcb
[board_modifier.py:80]: Footprint not found
[key_placer.py:775]: Placing additional elements for SW53
[board_modifier.py:98]: Getting SW53 footprint position: (142875000, 95250000)
[board_modifier.py:75]: Searching for optional ST53 footprint in C:\Github\Every83\PCB\Every83_PCB.kicad_pcb
[board_modifier.py:80]: Footprint not found
[key_placer.py:775]: Placing additional elements for SW55
[board_modifier.py:98]: Getting SW55 footprint position: (180975000, 95250000)
[board_modifier.py:75]: Searching for optional ST55 footprint in C:\Github\Every83\PCB\Every83_PCB.kicad_pcb
[board_modifier.py:80]: Footprint not found
[key_placer.py:775]: Placing additional elements for SW24
[board_modifier.py:98]: Getting SW24 footprint position: (185737500, 57150000)
[board_modifier.py:75]: Searching for optional ST24 footprint in C:\Github\Every83\PCB\Every83_PCB.kicad_pcb
[board_modifier.py:80]: Footprint not found
[key_placer.py:775]: Placing additional elements for SW64
[board_modifier.py:98]: Getting SW64 footprint position: (114300000, 114300000)
[board_modifier.py:75]: Searching for optional ST64 footprint in C:\Github\Every83\PCB\Every83_PCB.kicad_pcb
[board_modifier.py:80]: Footprint not found
[key_placer.py:775]: Placing additional elements for SW35
[board_modifier.py:98]: Getting SW35 footprint position: (100012500, 76200000)
[board_modifier.py:75]: Searching for optional ST35 footprint in C:\Github\Every83\PCB\Every83_PCB.kicad_pcb
[board_modifier.py:80]: Footprint not found
[key_placer.py:775]: Placing additional elements for SW61
[board_modifier.py:98]: Getting SW61 footprint position: (45243750, 114300000)
[board_modifier.py:75]: Searching for optional ST61 footprint in C:\Github\Every83\PCB\Every83_PCB.kicad_pcb
[board_modifier.py:80]: Footprint not found
[key_placer.py:775]: Placing additional elements for SW19
[board_modifier.py:98]: Getting SW19 footprint position: (90487500, 57150000)
[board_modifier.py:75]: Searching for optional ST19 footprint in C:\Github\Every83\PCB\Every83_PCB.kicad_pcb
[board_modifier.py:80]: Footprint not found
[key_placer.py:775]: Placing additional elements for SW33
[board_modifier.py:98]: Getting SW33 footprint position: (61912500, 76200000)
[board_modifier.py:75]: Searching for optional ST33 footprint in C:\Github\Every83\PCB\Every83_PCB.kicad_pcb
[board_modifier.py:80]: Footprint not found
[key_placer.py:775]: Placing additional elements for SW43
[board_modifier.py:98]: Getting SW43 footprint position: (252412500, 76200000)
[board_modifier.py:75]: Searching for optional ST43 footprint in C:\Github\Every83\PCB\Every83_PCB.kicad_pcb
[board_modifier.py:80]: Footprint not found
[key_placer.py:775]: Placing additional elements for SW66
[board_modifier.py:98]: Getting SW66 footprint position: (152400000, 114300000)
[board_modifier.py:75]: Searching for optional ST66 footprint in C:\Github\Every83\PCB\Every83_PCB.kicad_pcb
[board_modifier.py:80]: Footprint not found
[key_placer.py:775]: Placing additional elements for SW49
[board_modifier.py:98]: Getting SW49 footprint position: (66675000, 95250000)
[board_modifier.py:75]: Searching for optional ST49 footprint in C:\Github\Every83\PCB\Every83_PCB.kicad_pcb
[board_modifier.py:80]: Footprint not found
[key_placer.py:775]: Placing additional elements for SW29
[board_modifier.py:98]: Getting SW29 footprint position: (290512500, 57150000)
[board_modifier.py:75]: Searching for optional ST29 footprint in C:\Github\Every83\PCB\Every83_PCB.kicad_pcb
[board_modifier.py:80]: Footprint not found
[key_placer.py:775]: Placing additional elements for SW3
[board_modifier.py:98]: Getting SW3 footprint position: (85725000, 38100000)
[board_modifier.py:75]: Searching for optional ST3 footprint in C:\Github\Every83\PCB\Every83_PCB.kicad_pcb
[board_modifier.py:80]: Footprint not found
[key_placer.py:775]: Placing additional elements for SW40
[board_modifier.py:98]: Getting SW40 footprint position: (195262500, 76200000)
[board_modifier.py:75]: Searching for optional ST40 footprint in C:\Github\Every83\PCB\Every83_PCB.kicad_pcb
[board_modifier.py:80]: Footprint not found
[key_placer.py:775]: Placing additional elements for SW74
[board_modifier.py:98]: Getting SW74 footprint position: (35718750, 133350000)
[board_modifier.py:75]: Searching for optional ST74 footprint in C:\Github\Every83\PCB\Every83_PCB.kicad_pcb
[board_modifier.py:80]: Footprint not found
[key_placer.py:775]: Placing additional elements for SW25
[board_modifier.py:98]: Getting SW25 footprint position: (204787500, 57150000)
[board_modifier.py:75]: Searching for optional ST25 footprint in C:\Github\Every83\PCB\Every83_PCB.kicad_pcb
[board_modifier.py:80]: Footprint not found
[key_placer.py:775]: Placing additional elements for SW51
[board_modifier.py:98]: Getting SW51 footprint position: (104775000, 95250000)
[board_modifier.py:75]: Searching for optional ST51 footprint in C:\Github\Every83\PCB\Every83_PCB.kicad_pcb
[board_modifier.py:80]: Footprint not found
[key_placer.py:775]: Placing additional elements for SW62
[board_modifier.py:98]: Getting SW62 footprint position: (76200000, 114300000)
[board_modifier.py:75]: Searching for optional ST62 footprint in C:\Github\Every83\PCB\Every83_PCB.kicad_pcb
[board_modifier.py:80]: Footprint not found
[key_placer.py:775]: Placing additional elements for SW4
[board_modifier.py:98]: Getting SW4 footprint position: (104775000, 38100000)
[board_modifier.py:75]: Searching for optional ST4 footprint in C:\Github\Every83\PCB\Every83_PCB.kicad_pcb
[board_modifier.py:80]: Footprint not found
[key_placer.py:775]: Placing additional elements for SW37
[board_modifier.py:98]: Getting SW37 footprint position: (138112500, 76200000)
[board_modifier.py:75]: Searching for optional ST37 footprint in C:\Github\Every83\PCB\Every83_PCB.kicad_pcb
[board_modifier.py:80]: Footprint not found
[key_placer.py:775]: Placing additional elements for SW58
[board_modifier.py:98]: Getting SW58 footprint position: (238125000, 95250000)
[board_modifier.py:75]: Searching for optional ST58 footprint in C:\Github\Every83\PCB\Every83_PCB.kicad_pcb
[board_modifier.py:80]: Footprint not found
[key_placer.py:775]: Placing additional elements for SW81
[board_modifier.py:98]: Getting SW81 footprint position: (304800000, 133350000)
[board_modifier.py:75]: Searching for optional ST81 footprint in C:\Github\Every83\PCB\Every83_PCB.kicad_pcb
[board_modifier.py:80]: Footprint not found
[key_placer.py:775]: Placing additional elements for SW9
[board_modifier.py:98]: Getting SW9 footprint position: (209550000, 38100000)
[board_modifier.py:75]: Searching for optional ST9 footprint in C:\Github\Every83\PCB\Every83_PCB.kicad_pcb
[board_modifier.py:80]: Footprint not found
[key_placer.py:775]: Placing additional elements for SW36
[board_modifier.py:98]: Getting SW36 footprint position: (119062500, 76200000)
[board_modifier.py:75]: Searching for optional ST36 footprint in C:\Github\Every83\PCB\Every83_PCB.kicad_pcb
[board_modifier.py:80]: Footprint not found
[key_placer.py:775]: Placing additional elements for SW32
[board_modifier.py:98]: Getting SW32 footprint position: (38100000, 76200000)
[board_modifier.py:75]: Searching for optional ST32 footprint in C:\Github\Every83\PCB\Every83_PCB.kicad_pcb
[board_modifier.py:80]: Footprint not found
[key_placer.py:775]: Placing additional elements for SW42
[board_modifier.py:98]: Getting SW42 footprint position: (233362500, 76200000)
[board_modifier.py:75]: Searching for optional ST42 footprint in C:\Github\Every83\PCB\Every83_PCB.kicad_pcb
[board_modifier.py:80]: Footprint not found
[key_placer.py:775]: Placing additional elements for SW14
[board_modifier.py:98]: Getting SW14 footprint position: (323850000, 38100000)
[board_modifier.py:75]: Searching for optional ST14 footprint in C:\Github\Every83\PCB\Every83_PCB.kicad_pcb
[board_modifier.py:80]: Footprint not found
[key_placer.py:775]: Placing additional elements for SW75
[board_modifier.py:98]: Getting SW75 footprint position: (59531250, 133350000)
[board_modifier.py:75]: Searching for optional ST75 footprint in C:\Github\Every83\PCB\Every83_PCB.kicad_pcb
[board_modifier.py:80]: Footprint not found
[key_placer.py:775]: Placing additional elements for SW18
[board_modifier.py:98]: Getting SW18 footprint position: (71437500, 57150000)
[board_modifier.py:75]: Searching for optional ST18 footprint in C:\Github\Every83\PCB\Every83_PCB.kicad_pcb
[board_modifier.py:80]: Footprint not found
[key_placer.py:775]: Placing additional elements for SW77
[board_modifier.py:98]: Getting SW77 footprint position: (154781250, 133350000)
[board_modifier.py:75]: Searching for optional ST77 footprint in C:\Github\Every83\PCB\Every83_PCB.kicad_pcb
[board_modifier.py:80]: Footprint not found
[key_placer.py:775]: Placing additional elements for SW70
[board_modifier.py:98]: Getting SW70 footprint position: (228600000, 114300000)
[board_modifier.py:75]: Searching for optional ST70 footprint in C:\Github\Every83\PCB\Every83_PCB.kicad_pcb
[board_modifier.py:80]: Footprint not found
[key_placer.py:775]: Placing additional elements for SW38
[board_modifier.py:98]: Getting SW38 footprint position: (157162500, 76200000)
[board_modifier.py:75]: Searching for optional ST38 footprint in C:\Github\Every83\PCB\Every83_PCB.kicad_pcb
[board_modifier.py:80]: Footprint not found
[key_placer.py:775]: Placing additional elements for SW5
[board_modifier.py:98]: Getting SW5 footprint position: (123825000, 38100000)
[board_modifier.py:75]: Searching for optional ST5 footprint in C:\Github\Every83\PCB\Every83_PCB.kicad_pcb
[board_modifier.py:80]: Footprint not found
[key_placer.py:775]: Placing additional elements for SW6
[board_modifier.py:98]: Getting SW6 footprint position: (152400000, 38100000)
[board_modifier.py:75]: Searching for optional ST6 footprint in C:\Github\Every83\PCB\Every83_PCB.kicad_pcb
[board_modifier.py:80]: Footprint not found
[key_placer.py:775]: Placing additional elements for SW52
[board_modifier.py:98]: Getting SW52 footprint position: (123825000, 95250000)
[board_modifier.py:75]: Searching for optional ST52 footprint in C:\Github\Every83\PCB\Every83_PCB.kicad_pcb
[board_modifier.py:80]: Footprint not found
[key_placer.py:775]: Placing additional elements for SW15
[board_modifier.py:98]: Getting SW15 footprint position: (342900000, 38100000)
[board_modifier.py:75]: Searching for optional ST15 footprint in C:\Github\Every83\PCB\Every83_PCB.kicad_pcb
[board_modifier.py:80]: Footprint not found
[key_placer.py:775]: Placing additional elements for SW10
[board_modifier.py:98]: Getting SW10 footprint position: (238125000, 38100000)
[board_modifier.py:75]: Searching for optional ST10 footprint in C:\Github\Every83\PCB\Every83_PCB.kicad_pcb
[board_modifier.py:80]: Footprint not found
[key_placer.py:775]: Placing additional elements for SW73
[board_modifier.py:98]: Getting SW73 footprint position: (323850000, 114300000)
[board_modifier.py:75]: Searching for optional ST73 footprint in C:\Github\Every83\PCB\Every83_PCB.kicad_pcb
[board_modifier.py:80]: Footprint not found
[key_placer.py:775]: Placing additional elements for SW26
[board_modifier.py:98]: Getting SW26 footprint position: (223837500, 57150000)
[board_modifier.py:75]: Searching for optional ST26 footprint in C:\Github\Every83\PCB\Every83_PCB.kicad_pcb
[board_modifier.py:80]: Footprint not found
[key_placer.py:775]: Placing additional elements for SW45
[board_modifier.py:98]: Getting SW45 footprint position: (295275000, 76200000)
[board_modifier.py:75]: Searching for optional ST45 footprint in C:\Github\Every83\PCB\Every83_PCB.kicad_pcb
[board_modifier.py:80]: Footprint not found
[key_placer.py:775]: Placing additional elements for SW79
[board_modifier.py:98]: Getting SW79 footprint position: (250031250, 133350000)
[board_modifier.py:75]: Searching for optional ST79 footprint in C:\Github\Every83\PCB\Every83_PCB.kicad_pcb
[board_modifier.py:80]: Footprint not found
[key_placer.py:775]: Placing additional elements for SW8
[board_modifier.py:98]: Getting SW8 footprint position: (190500000, 38100000)
[board_modifier.py:75]: Searching for optional ST8 footprint in C:\Github\Every83\PCB\Every83_PCB.kicad_pcb
[board_modifier.py:80]: Footprint not found
[key_placer.py:775]: Placing additional elements for SW17
[board_modifier.py:98]: Getting SW17 footprint position: (52387500, 57150000)
[board_modifier.py:75]: Searching for optional ST17 footprint in C:\Github\Every83\PCB\Every83_PCB.kicad_pcb
[board_modifier.py:80]: Footprint not found
[key_placer.py:775]: Placing additional elements for SW1
[board_modifier.py:98]: Getting SW1 footprint position: (38100000, 38100000)
[board_modifier.py:75]: Searching for optional ST1 footprint in C:\Github\Every83\PCB\Every83_PCB.kicad_pcb
[board_modifier.py:80]: Footprint not found
[key_placer.py:775]: Placing additional elements for SW60
[board_modifier.py:98]: Getting SW60 footprint position: (288131250, 95250000)
[board_modifier.py:75]: Searching for optional ST60 footprint in C:\Github\Every83\PCB\Every83_PCB.kicad_pcb
[board_modifier.py:80]: Footprint not found
[key_placer.py:775]: Placing additional elements for SW83
[board_modifier.py:98]: Getting SW83 footprint position: (342900000, 133350000)
[board_modifier.py:75]: Searching for optional ST83 footprint in C:\Github\Every83\PCB\Every83_PCB.kicad_pcb
[board_modifier.py:80]: Footprint not found
[key_placer.py:775]: Placing additional elements for SW39
[board_modifier.py:98]: Getting SW39 footprint position: (176212500, 76200000)
[board_modifier.py:75]: Searching for optional ST39 footprint in C:\Github\Every83\PCB\Every83_PCB.kicad_pcb
[board_modifier.py:80]: Footprint not found
[key_placer.py:775]: Placing additional elements for SW44
[board_modifier.py:98]: Getting SW44 footprint position: (271462500, 76200000)
[board_modifier.py:75]: Searching for optional ST44 footprint in C:\Github\Every83\PCB\Every83_PCB.kicad_pcb
[board_modifier.py:80]: Footprint not found
[key_placer.py:775]: Placing additional elements for SW78
[board_modifier.py:98]: Getting SW78 footprint position: (226218750, 133350000)
[board_modifier.py:75]: Searching for optional ST78 footprint in C:\Github\Every83\PCB\Every83_PCB.kicad_pcb
[board_modifier.py:80]: Footprint not found
[key_placer.py:775]: Placing additional elements for SW57
[board_modifier.py:98]: Getting SW57 footprint position: (219075000, 95250000)
[board_modifier.py:75]: Searching for optional ST57 footprint in C:\Github\Every83\PCB\Every83_PCB.kicad_pcb
[board_modifier.py:80]: Footprint not found
[key_placer.py:775]: Placing additional elements for SW59
[board_modifier.py:98]: Getting SW59 footprint position: (257175000, 95250000)
[board_modifier.py:75]: Searching for optional ST59 footprint in C:\Github\Every83\PCB\Every83_PCB.kicad_pcb
[board_modifier.py:80]: Footprint not found
[key_placer.py:775]: Placing additional elements for SW65
[board_modifier.py:98]: Getting SW65 footprint position: (133350000, 114300000)
[board_modifier.py:75]: Searching for optional ST65 footprint in C:\Github\Every83\PCB\Every83_PCB.kicad_pcb
[board_modifier.py:80]: Footprint not found
[key_placer.py:775]: Placing additional elements for SW72
[board_modifier.py:98]: Getting SW72 footprint position: (283368750, 114300000)
[board_modifier.py:75]: Searching for optional ST72 footprint in C:\Github\Every83\PCB\Every83_PCB.kicad_pcb
[board_modifier.py:80]: Footprint not found
[key_placer.py:775]: Placing additional elements for SW2
[board_modifier.py:98]: Getting SW2 footprint position: (66675000, 38100000)
[board_modifier.py:75]: Searching for optional ST2 footprint in C:\Github\Every83\PCB\Every83_PCB.kicad_pcb
[board_modifier.py:80]: Footprint not found
[key_placer.py:775]: Placing additional elements for SW28
[board_modifier.py:98]: Getting SW28 footprint position: (261937500, 57150000)
[board_modifier.py:75]: Searching for optional ST28 footprint in C:\Github\Every83\PCB\Every83_PCB.kicad_pcb
[board_modifier.py:80]: Footprint not found
[key_placer.py:775]: Placing additional elements for SW16
[board_modifier.py:98]: Getting SW16 footprint position: (33337500, 57150000)
[board_modifier.py:75]: Searching for optional ST16 footprint in C:\Github\Every83\PCB\Every83_PCB.kicad_pcb
[board_modifier.py:80]: Footprint not found
[key_placer.py:775]: Placing additional elements for SW56
[board_modifier.py:98]: Getting SW56 footprint position: (200025000, 95250000)
[board_modifier.py:75]: Searching for optional ST56 footprint in C:\Github\Every83\PCB\Every83_PCB.kicad_pcb
[board_modifier.py:80]: Footprint not found
[key_placer.py:775]: Placing additional elements for SW63
[board_modifier.py:98]: Getting SW63 footprint position: (95250000, 114300000)
[board_modifier.py:75]: Searching for optional ST63 footprint in C:\Github\Every83\PCB\Every83_PCB.kicad_pcb
[board_modifier.py:80]: Footprint not found
[key_placer.py:775]: Placing additional elements for SW67
[board_modifier.py:98]: Getting SW67 footprint position: (171450000, 114300000)
[board_modifier.py:75]: Searching for optional ST67 footprint in C:\Github\Every83\PCB\Every83_PCB.kicad_pcb
[board_modifier.py:80]: Footprint not found
[key_placer.py:775]: Placing additional elements for SW47
[board_modifier.py:98]: Getting SW47 footprint position: (342900000, 76200000)
[board_modifier.py:75]: Searching for optional ST47 footprint in C:\Github\Every83\PCB\Every83_PCB.kicad_pcb
[board_modifier.py:80]: Footprint not found
[key_placer.py:775]: Placing additional elements for SW68
[board_modifier.py:98]: Getting SW68 footprint position: (190500000, 114300000)
[board_modifier.py:75]: Searching for optional ST68 footprint in C:\Github\Every83\PCB\Every83_PCB.kicad_pcb
[board_modifier.py:80]: Footprint not found
[key_placer.py:775]: Placing additional elements for SW41
[board_modifier.py:98]: Getting SW41 footprint position: (214312500, 76200000)
[board_modifier.py:75]: Searching for optional ST41 footprint in C:\Github\Every83\PCB\Every83_PCB.kicad_pcb
[board_modifier.py:80]: Footprint not found
[key_placer.py:775]: Placing additional elements for SW71
[board_modifier.py:98]: Getting SW71 footprint position: (247650000, 114300000)
[board_modifier.py:75]: Searching for optional ST71 footprint in C:\Github\Every83\PCB\Every83_PCB.kicad_pcb
[board_modifier.py:80]: Footprint not found
[key_placer.py:775]: Placing additional elements for SW11
[board_modifier.py:98]: Getting SW11 footprint position: (257175000, 38100000)
[board_modifier.py:75]: Searching for optional ST11 footprint in C:\Github\Every83\PCB\Every83_PCB.kicad_pcb
[board_modifier.py:80]: Footprint not found
[key_placer.py:775]: Placing additional elements for SW7
[board_modifier.py:98]: Getting SW7 footprint position: (171450000, 38100000)
[board_modifier.py:75]: Searching for optional ST7 footprint in C:\Github\Every83\PCB\Every83_PCB.kicad_pcb
[board_modifier.py:80]: Footprint not found
[key_placer.py:775]: Placing additional elements for SW82
[board_modifier.py:98]: Getting SW82 footprint position: (323850000, 133350000)
[board_modifier.py:75]: Searching for optional ST82 footprint in C:\Github\Every83\PCB\Every83_PCB.kicad_pcb
[board_modifier.py:80]: Footprint not found
[key_placer.py:775]: Placing additional elements for SW80
[board_modifier.py:98]: Getting SW80 footprint position: (273843750, 133350000)
[board_modifier.py:75]: Searching for optional ST80 footprint in C:\Github\Every83\PCB\Every83_PCB.kicad_pcb
[board_modifier.py:80]: Footprint not found
[key_placer.py:775]: Placing additional elements for SW30
[board_modifier.py:98]: Getting SW30 footprint position: (323850000, 57150000)
[board_modifier.py:75]: Searching for optional ST30 footprint in C:\Github\Every83\PCB\Every83_PCB.kicad_pcb
[board_modifier.py:80]: Footprint not found
[key_placer.py:775]: Placing additional elements for SW27
[board_modifier.py:98]: Getting SW27 footprint position: (242887500, 57150000)
[board_modifier.py:75]: Searching for optional ST27 footprint in C:\Github\Every83\PCB\Every83_PCB.kicad_pcb
[board_modifier.py:80]: Footprint not found
[key_placer.py:775]: Placing additional elements for SW54
[board_modifier.py:98]: Getting SW54 footprint position: (161925000, 95250000)
[board_modifier.py:75]: Searching for optional ST54 footprint in C:\Github\Every83\PCB\Every83_PCB.kicad_pcb
[board_modifier.py:80]: Footprint not found
[key_placer.py:775]: Placing additional elements for SW23
[board_modifier.py:98]: Getting SW23 footprint position: (166687500, 57150000)
[board_modifier.py:75]: Searching for optional ST23 footprint in C:\Github\Every83\PCB\Every83_PCB.kicad_pcb
[board_modifier.py:80]: Footprint not found
[key_placer.py:775]: Placing additional elements for SW20
[board_modifier.py:98]: Getting SW20 footprint position: (109537500, 57150000)
[board_modifier.py:75]: Searching for optional ST20 footprint in C:\Github\Every83\PCB\Every83_PCB.kicad_pcb
[board_modifier.py:80]: Footprint not found
[key_placer.py:775]: Placing additional elements for SW31
[board_modifier.py:98]: Getting SW31 footprint position: (342900000, 57150000)
[board_modifier.py:75]: Searching for optional ST31 footprint in C:\Github\Every83\PCB\Every83_PCB.kicad_pcb
[board_modifier.py:80]: Footprint not found
[key_placer.py:775]: Placing additional elements for SW46
[board_modifier.py:98]: Getting SW46 footprint position: (323850000, 76200000)
[board_modifier.py:75]: Searching for optional ST46 footprint in C:\Github\Every83\PCB\Every83_PCB.kicad_pcb
[board_modifier.py:80]: Footprint not found
[key_placer.py:775]: Placing additional elements for SW48
[board_modifier.py:98]: Getting SW48 footprint position: (40481250, 95250000)
[board_modifier.py:75]: Searching for optional ST48 footprint in C:\Github\Every83\PCB\Every83_PCB.kicad_pcb
[board_modifier.py:80]: Footprint not found
[key_placer.py:775]: Placing additional elements for SW50
[board_modifier.py:98]: Getting SW50 footprint position: (85725000, 95250000)
[board_modifier.py:75]: Searching for optional ST50 footprint in C:\Github\Every83\PCB\Every83_PCB.kicad_pcb
[board_modifier.py:80]: Footprint not found
[key_placer.py:775]: Placing additional elements for SW34
[board_modifier.py:98]: Getting SW34 footprint position: (80962500, 76200000)
[board_modifier.py:75]: Searching for optional ST34 footprint in C:\Github\Every83\PCB\Every83_PCB.kicad_pcb
[board_modifier.py:80]: Footprint not found
[key_placer.py:775]: Placing additional elements for SW69
[board_modifier.py:98]: Getting SW69 footprint position: (209550000, 114300000)
[board_modifier.py:75]: Searching for optional ST69 footprint in C:\Github\Every83\PCB\Every83_PCB.kicad_pcb
[board_modifier.py:80]: Footprint not found
[key_placer.py:775]: Placing additional elements for SW22
[board_modifier.py:98]: Getting SW22 footprint position: (147637500, 57150000)
[board_modifier.py:75]: Searching for optional ST22 footprint in C:\Github\Every83\PCB\Every83_PCB.kicad_pcb
[board_modifier.py:80]: Footprint not found
[key_placer.py:775]: Placing additional elements for SW102
[board_modifier.py:98]: Getting SW102 footprint position: (185292300, 221697400)
[board_modifier.py:75]: Searching for optional ST102 footprint in C:\Github\Every83\PCB\Every83_PCB.kicad_pcb
[board_modifier.py:80]: Footprint not found
[key_placer.py:775]: Placing additional elements for SW76
[board_modifier.py:98]: Getting SW76 footprint position: (83343750, 133350000)
[board_modifier.py:75]: Searching for optional ST76 footprint in C:\Github\Every83\PCB\Every83_PCB.kicad_pcb
[board_modifier.py:80]: Footprint not found
[key_placer.py:775]: Placing additional elements for SW101
[board_modifier.py:98]: Getting SW101 footprint position: (185292300, 221697400)
[board_modifier.py:75]: Searching for optional ST101 footprint in C:\Github\Every83\PCB\Every83_PCB.kicad_pcb
[board_modifier.py:80]: Footprint not found
[key_placer.py:775]: Placing additional elements for SW21
[board_modifier.py:98]: Getting SW21 footprint position: (128587500, 57150000)
[board_modifier.py:75]: Searching for optional ST21 footprint in C:\Github\Every83\PCB\Every83_PCB.kicad_pcb
[board_modifier.py:80]: Footprint not found
